Build started 04/07/2017 02:16:01 ص.
     1>Project "H:\Project 101\Project 101\Project 101.vcxproj" on node 2 (build target(s)).
     1>InitializeBuildStatus:
         Creating "Debug\Project 101.unsuccessfulbuild" because "AlwaysCreate" was specified.
       ClCompile:
         C:\Program Files (x86)\Microsoft Visual Studio 10.0\VC\bin\CL.exe /c /ZI /nologo /W3 /WX- /Od /Oy- /D WIN32 /D _DEBUG /D _CONSOLE /D _UNICODE /D UNICODE /Gm /EHsc /RTC1 /MDd /GS /fp:precise /Zc:wchar_t /Zc:forScope /Fo"Debug\\" /Fd"Debug\vc100.pdb" /Gd /TP /analyze- /errorReport:prompt "Project 101.cpp"
         Project 101.cpp
     1>h:\project 101\project 101\project 101.cpp(134): warning C4018: '<' : signed/unsigned mismatch
     1>h:\project 101\project 101\project 101.cpp(145): warning C4018: '<' : signed/unsigned mismatch
     1>h:\project 101\project 101\project 101.cpp(171): warning C4018: '>=' : signed/unsigned mismatch
     1>h:\project 101\project 101\project 101.cpp(197): warning C4244: 'initializing' : conversion from 'double' to 'float', possible loss of data
     1>h:\project 101\project 101\project 101.cpp(198): warning C4244: 'initializing' : conversion from 'double' to 'float', possible loss of data
     1>h:\project 101\project 101\project 101.cpp(199): warning C4018: '<' : signed/unsigned mismatch
     1>h:\project 101\project 101\project 101.cpp(212): warning C4018: '<' : signed/unsigned mismatch
     1>h:\project 101\project 101\project 101.cpp(239): warning C4018: '<' : signed/unsigned mismatch
     1>h:\project 101\project 101\project 101.cpp(246): warning C4018: '<' : signed/unsigned mismatch
     1>h:\project 101\project 101\project 101.cpp(249): warning C4244: 'return' : conversion from 'double' to 'float', possible loss of data
     1>h:\project 101\project 101\project 101.cpp(274): warning C4018: '<' : signed/unsigned mismatch
     1>h:\project 101\project 101\project 101.cpp(284): warning C4018: '<' : signed/unsigned mismatch
     1>h:\project 101\project 101\project 101.cpp(346): warning C4018: '<' : signed/unsigned mismatch
     1>h:\project 101\project 101\project 101.cpp(354): warning C4018: '<' : signed/unsigned mismatch
     1>h:\project 101\project 101\project 101.cpp(374): warning C4018: '<' : signed/unsigned mismatch
     1>h:\project 101\project 101\project 101.cpp(389): warning C4018: '<' : signed/unsigned mismatch
     1>h:\project 101\project 101\project 101.cpp(404): warning C4018: '<' : signed/unsigned mismatch
     1>h:\project 101\project 101\project 101.cpp(412): warning C4018: '<' : signed/unsigned mismatch
     1>h:\project 101\project 101\project 101.cpp(418): warning C4018: '<' : signed/unsigned mismatch
     1>h:\project 101\project 101\project 101.cpp(419): warning C4018: '<' : signed/unsigned mismatch
     1>h:\project 101\project 101\project 101.cpp(427): warning C4018: '<' : signed/unsigned mismatch
     1>h:\project 101\project 101\project 101.cpp(434): warning C4018: '<' : signed/unsigned mismatch
     1>h:\project 101\project 101\project 101.cpp(440): warning C4018: '<' : signed/unsigned mismatch
     1>h:\project 101\project 101\project 101.cpp(441): warning C4018: '<' : signed/unsigned mismatch
     1>h:\project 101\project 101\project 101.cpp(449): warning C4018: '<' : signed/unsigned mismatch
     1>h:\project 101\project 101\project 101.cpp(456): warning C4018: '<' : signed/unsigned mismatch
     1>h:\project 101\project 101\project 101.cpp(462): warning C4018: '<' : signed/unsigned mismatch
     1>h:\project 101\project 101\project 101.cpp(463): warning C4018: '<' : signed/unsigned mismatch
     1>h:\project 101\project 101\project 101.cpp(471): warning C4018: '<' : signed/unsigned mismatch
     1>h:\project 101\project 101\project 101.cpp(484): warning C4018: '<' : signed/unsigned mismatch
     1>h:\project 101\project 101\project 101.cpp(491): warning C4018: '<' : signed/unsigned mismatch
     1>h:\project 101\project 101\project 101.cpp(498): warning C4018: '<' : signed/unsigned mismatch
     1>h:\project 101\project 101\project 101.cpp(505): warning C4018: '<' : signed/unsigned mismatch
     1>h:\project 101\project 101\project 101.cpp(515): warning C4018: '<' : signed/unsigned mismatch
     1>h:\project 101\project 101\project 101.cpp(521): warning C4244: 'initializing' : conversion from 'double' to 'float', possible loss of data
     1>h:\project 101\project 101\project 101.cpp(522): warning C4244: 'initializing' : conversion from 'double' to 'float', possible loss of data
     1>h:\project 101\project 101\project 101.cpp(531): warning C4018: '<' : signed/unsigned mismatch
     1>h:\project 101\project 101\project 101.cpp(542): warning C4018: '<' : signed/unsigned mismatch
     1>h:\project 101\project 101\project 101.cpp(551): warning C4244: 'initializing' : conversion from 'double' to 'float', possible loss of data
     1>h:\project 101\project 101\project 101.cpp(551): warning C4244: 'initializing' : conversion from 'double' to 'float', possible loss of data
     1>h:\project 101\project 101\project 101.cpp(551): warning C4244: 'initializing' : conversion from 'double' to 'float', possible loss of data
     1>h:\project 101\project 101\project 101.cpp(555): warning C4018: '<' : signed/unsigned mismatch
     1>h:\project 101\project 101\project 101.cpp(566): warning C4018: '<' : signed/unsigned mismatch
     1>h:\project 101\project 101\project 101.cpp(577): warning C4244: '=' : conversion from 'double' to 'float', possible loss of data
     1>h:\project 101\project 101\project 101.cpp(578): warning C4244: '=' : conversion from 'double' to 'float', possible loss of data
     1>h:\project 101\project 101\project 101.cpp(580): warning C4018: '<' : signed/unsigned mismatch
     1>h:\project 101\project 101\project 101.cpp(586): warning C4018: '<' : signed/unsigned mismatch
     1>h:\project 101\project 101\project 101.cpp(596): warning C4244: 'initializing' : conversion from 'double' to 'float', possible loss of data
     1>h:\project 101\project 101\project 101.cpp(596): warning C4244: 'initializing' : conversion from 'double' to 'float', possible loss of data
     1>h:\project 101\project 101\project 101.cpp(599): warning C4018: '<' : signed/unsigned mismatch
     1>h:\project 101\project 101\project 101.cpp(620): warning C4018: '<' : signed/unsigned mismatch
     1>h:\project 101\project 101\project 101.cpp(630): warning C4244: '=' : conversion from 'double' to 'int', possible loss of data
     1>h:\project 101\project 101\project 101.cpp(631): warning C4244: '=' : conversion from 'double' to 'int', possible loss of data
     1>h:\project 101\project 101\project 101.cpp(656): warning C4244: '=' : conversion from 'double' to 'int', possible loss of data
     1>h:\project 101\project 101\project 101.cpp(657): warning C4244: '=' : conversion from 'double' to 'int', possible loss of data
     1>h:\project 101\project 101\project 101.cpp(658): warning C4244: '=' : conversion from 'double' to 'int', possible loss of data
     1>h:\project 101\project 101\project 101.cpp(664): warning C4018: '<' : signed/unsigned mismatch
     1>h:\project 101\project 101\project 101.cpp(665): warning C4018: '<' : signed/unsigned mismatch
     1>h:\project 101\project 101\project 101.cpp(681): warning C4018: '<' : signed/unsigned mismatch
     1>h:\project 101\project 101\project 101.cpp(688): warning C4018: '<' : signed/unsigned mismatch
     1>h:\project 101\project 101\project 101.cpp(689): warning C4018: '<' : signed/unsigned mismatch
     1>h:\project 101\project 101\project 101.cpp(701): warning C4244: '=' : conversion from 'double' to 'int', possible loss of data
     1>h:\project 101\project 101\project 101.cpp(702): warning C4244: '=' : conversion from 'double' to 'int', possible loss of data
     1>h:\project 101\project 101\project 101.cpp(705): warning C4018: '<' : signed/unsigned mismatch
     1>h:\project 101\project 101\project 101.cpp(712): warning C4018: '<' : signed/unsigned mismatch
     1>h:\project 101\project 101\project 101.cpp(713): warning C4018: '<' : signed/unsigned mismatch
     1>h:\project 101\project 101\project 101.cpp(727): warning C4244: '=' : conversion from 'double' to 'int', possible loss of data
     1>h:\project 101\project 101\project 101.cpp(728): warning C4244: '=' : conversion from 'double' to 'int', possible loss of data
     1>h:\project 101\project 101\project 101.cpp(729): warning C4244: '=' : conversion from 'double' to 'int', possible loss of data
     1>h:\project 101\project 101\project 101.cpp(747): warning C4018: '<' : signed/unsigned mismatch
     1>h:\project 101\project 101\project 101.cpp(754): warning C4244: 'argument' : conversion from 'double' to 'float', possible loss of data
     1>h:\project 101\project 101\project 101.cpp(754): warning C4244: 'argument' : conversion from 'double' to 'float', possible loss of data
     1>h:\project 101\project 101\project 101.cpp(772): warning C4018: '<' : signed/unsigned mismatch
     1>h:\project 101\project 101\project 101.cpp(48): warning C4715: 'point::between' : not all control paths return a value
     1>h:\project 101\project 101\project 101.cpp(72): warning C4715: 'line::equalline' : not all control paths return a value
       ManifestResourceCompile:
         All outputs are up-to-date.
       Link:
         C:\Program Files (x86)\Microsoft Visual Studio 10.0\VC\bin\link.exe /ERRORREPORT:PROMPT /OUT:"H:\Project 101\Debug\Project 101.exe" /INCREMENTAL /NOLOGO kernel32.lib user32.lib gdi32.lib winspool.lib comdlg32.lib advapi32.lib shell32.lib ole32.lib oleaut32.lib uuid.lib odbc32.lib odbccp32.lib /MANIFEST /ManifestFile:"Debug\Project 101.exe.intermediate.manifest" /MANIFESTUAC:"level='asInvoker' uiAccess='false'" /DEBUG /PDB:"H:\Project 101\Debug\Project 101.pdb" /SUBSYSTEM:CONSOLE /TLBID:1 /DYNAMICBASE /NXCOMPAT /IMPLIB:"H:\Project 101\Debug\Project 101.lib" /MACHINE:X86 "Debug\Project 101.exe.embed.manifest.res"
         "Debug\Project 101.obj"
       Manifest:
         C:\Program Files (x86)\Microsoft SDKs\Windows\v7.0A\bin\mt.exe /nologo /verbose /out:"Debug\Project 101.exe.embed.manifest" /manifest "Debug\Project 101.exe.intermediate.manifest"
         All outputs are up-to-date.
       LinkEmbedManifest:
         All outputs are up-to-date.
         Project 101.vcxproj -> H:\Project 101\Debug\Project 101.exe
       FinalizeBuildStatus:
         Deleting file "Debug\Project 101.unsuccessfulbuild".
         Touching "Debug\Project 101.lastbuildstate".
     1>Done Building Project "H:\Project 101\Project 101\Project 101.vcxproj" (build target(s)).

Build succeeded.

Time Elapsed 00:00:49.96
